<?xml version="1.0" encoding="UTF-8"?>
<testsuite xmlns:xsi="http://www.w3.org/2001/XMLSchema-instance" xsi:noNamespaceSchemaLocation="https://maven.apache.org/surefire/maven-surefire-plugin/xsd/surefire-test-report-3.0.xsd" version="3.0" name="flightapp.FlightServiceTest" time="80.96" tests="22" errors="0" skipped="0" failures="0">
  <properties>
    <property name="java.specification.version" value="16"/>
    <property name="sun.cpu.isalist" value="amd64"/>
    <property name="test.cases" value="cases/no_transaction/"/>
    <property name="sun.jnu.encoding" value="Cp1252"/>
    <property name="java.class.path" value="C:\Users\coolj\.m2\repository\org\apache\maven\surefire\surefire-booter\3.0.0-M5\surefire-booter-3.0.0-M5.jar;C:\Users\coolj\.m2\repository\org\apache\maven\surefire\surefire-api\3.0.0-M5\surefire-api-3.0.0-M5.jar;C:\Users\coolj\.m2\repository\org\apache\maven\surefire\surefire-logger-api\3.0.0-M5\surefire-logger-api-3.0.0-M5.jar;C:\Users\coolj\.m2\repository\org\apache\maven\surefire\surefire-shared-utils\3.0.0-M4\surefire-shared-utils-3.0.0-M4.jar;C:\Users\coolj\.m2\repository\org\apache\maven\surefire\surefire-extensions-spi\3.0.0-M5\surefire-extensions-spi-3.0.0-M5.jar;C:\Users\coolj\IdeaProjects\hw5\target\test-classes;C:\Users\coolj\IdeaProjects\hw5\target\classes;C:\Users\coolj\.m2\repository\junit\junit\4.13\junit-4.13.jar;C:\Users\coolj\.m2\repository\org\hamcrest\hamcrest-core\1.3\hamcrest-core-1.3.jar;C:\Users\coolj\.m2\repository\com\microsoft\sqlserver\mssql-jdbc\9.2.1.jre11\mssql-jdbc-9.2.1.jre11.jar;C:\Users\coolj\.m2\repository\org\mybatis\mybatis\3.5.7\mybatis-3.5.7.jar;C:\Users\coolj\.m2\repository\commons-io\commons-io\2.8.0\commons-io-2.8.0.jar;C:\Users\coolj\IdeaProjects\hw5/distributed.jar;C:\Users\coolj\.m2\repository\org\apache\maven\surefire\surefire-junit4\3.0.0-M5\surefire-junit4-3.0.0-M5.jar;C:\Users\coolj\.m2\repository\org\apache\maven\surefire\common-java5\3.0.0-M5\common-java5-3.0.0-M5.jar;C:\Users\coolj\.m2\repository\org\apache\maven\surefire\common-junit3\3.0.0-M5\common-junit3-3.0.0-M5.jar;C:\Users\coolj\.m2\repository\org\apache\maven\surefire\common-junit4\3.0.0-M5\common-junit4-3.0.0-M5.jar"/>
    <property name="java.vm.vendor" value="Oracle Corporation"/>
    <property name="sun.arch.data.model" value="64"/>
    <property name="user.variant" value=""/>
    <property name="java.vendor.url" value="https://java.oracle.com/"/>
    <property name="user.timezone" value="America/Los_Angeles"/>
    <property name="os.name" value="Windows 10"/>
    <property name="java.vm.specification.version" value="16"/>
    <property name="sun.java.launcher" value="SUN_STANDARD"/>
    <property name="user.country" value="US"/>
    <property name="sun.boot.library.path" value="C:\Users\coolj\.jdks\openjdk-16.0.1\bin"/>
    <property name="sun.java.command" value="org.apache.maven.surefire.booter.ForkedBooter C:\Users\coolj\AppData\Local\Temp\surefire8904071695893766430 2023-05-12T17-55-07_831-jvmRun1 surefire10469616877076767335tmp surefire_012040517098384731785tmp"/>
    <property name="jdk.debug" value="release"/>
    <property name="surefire.test.class.path" value="C:\Users\coolj\IdeaProjects\hw5\target\test-classes;C:\Users\coolj\IdeaProjects\hw5\target\classes;C:\Users\coolj\.m2\repository\junit\junit\4.13\junit-4.13.jar;C:\Users\coolj\.m2\repository\org\hamcrest\hamcrest-core\1.3\hamcrest-core-1.3.jar;C:\Users\coolj\.m2\repository\com\microsoft\sqlserver\mssql-jdbc\9.2.1.jre11\mssql-jdbc-9.2.1.jre11.jar;C:\Users\coolj\.m2\repository\org\mybatis\mybatis\3.5.7\mybatis-3.5.7.jar;C:\Users\coolj\.m2\repository\commons-io\commons-io\2.8.0\commons-io-2.8.0.jar;C:\Users\coolj\IdeaProjects\hw5/distributed.jar;"/>
    <property name="sun.cpu.endian" value="little"/>
    <property name="user.home" value="C:\Users\coolj"/>
    <property name="user.language" value="en"/>
    <property name="java.specification.vendor" value="Oracle Corporation"/>
    <property name="java.version.date" value="2021-04-20"/>
    <property name="java.home" value="C:\Users\coolj\.jdks\openjdk-16.0.1"/>
    <property name="file.separator" value="\"/>
    <property name="basedir" value="C:\Users\coolj\IdeaProjects\hw5"/>
    <property name="java.vm.compressedOopsMode" value="Zero based"/>
    <property name="line.separator" value="&#10;"/>
    <property name="java.vm.specification.vendor" value="Oracle Corporation"/>
    <property name="java.specification.name" value="Java Platform API Specification"/>
    <property name="user.script" value=""/>
    <property name="sun.management.compiler" value="HotSpot 64-Bit Tiered Compilers"/>
    <property name="java.runtime.version" value="16.0.1+9-24"/>
    <property name="user.name" value="coolj"/>
    <property name="path.separator" value=";"/>
    <property name="os.version" value="10.0"/>
    <property name="java.runtime.name" value="OpenJDK Runtime Environment"/>
    <property name="file.encoding" value="Cp1252"/>
    <property name="java.vm.name" value="OpenJDK 64-Bit Server VM"/>
    <property name="localRepository" value="C:\Users\coolj\.m2\repository"/>
    <property name="java.vendor.url.bug" value="https://bugreport.java.com/bugreport/"/>
    <property name="java.io.tmpdir" value="C:\Users\coolj\AppData\Local\Temp\"/>
    <property name="idea.version" value="2023.1.1"/>
    <property name="java.version" value="16.0.1"/>
    <property name="user.dir" value="C:\Users\coolj\IdeaProjects\hw5"/>
    <property name="os.arch" value="amd64"/>
    <property name="java.vm.specification.name" value="Java Virtual Machine Specification"/>
    <property name="sun.os.patch.level" value=""/>
    <property name="java.library.path" value="C:\Users\coolj\.jdks\openjdk-16.0.1\bin;C:\Windows\Sun\Java\bin;C:\Windows\system32;C:\Windows;C:\Program Files\Eclipse Adoptium\jdk-11.0.13.8-hotspot\bin;C:\Program Files (x86)\Razer Chroma SDK\bin;C:\Program Files\Razer Chroma SDK\bin;C:\Program Files (x86)\Razer\ChromaBroadcast\bin;C:\Program Files\Razer\ChromaBroadcast\bin;C:\Program Files (x86)\Common Files\Oracle\Java\javapath;C:\Windows\system32;C:\Windows;C:\Windows\System32\Wbem;C:\Windows\System32\WindowsPowerShell\v1.0\;C:\Windows\System32\OpenSSH\;C:\Program Files (x86)\NVIDIA Corporation\PhysX\Common;C:\Program Files\NVIDIA Corporation\NVIDIA NvDLISR;C:\Users\coolj\anaconda3;C:\Users\coolj\anaconda3\Library\mingw-w64\bin;C:\Users\coolj\anaconda3\Library\usr\bin;C:\Users\coolj\anaconda3\Library\bin;C:\Users\coolj\anaconda3\Scripts;C:\Users\coolj\AppData\Local\Microsoft\WindowsApps;C:\Users\coolj\AppData\Local\GitHubDesktop\bin;C:\Program Files\Wolfram Research\WolframScript\;C:\Program Files\Git\cmd;C:\Program Files\nodejs\;C:\ProgramData\chocolatey\bin;C:\Program Files\PuTTY\;C:\Users\coolj\anaconda3;C:\Users\coolj\anaconda3\Library\mingw-w64\bin;C:\Users\coolj\anaconda3\Library\usr\bin;C:\Users\coolj\anaconda3\Library\bin;C:\Users\coolj\anaconda3\Scripts;C:\Users\coolj\AppData\Local\Microsoft\WindowsApps;C:\Users\coolj\AppData\Local\GitHubDesktop\bin;D:\Software\IntelliJ IDEA Community Edition 2021.1\bin;C:\Users\coolj\AppData\Roaming\npm;C:\Users\coolj\AppData\Local\Programs\MiKTeX\miktex\bin\x64\;C:\Users\coolj\AppData\Local\JetBrains\Toolbox\scripts;;C:\Users\coolj\AppData\Local\Programs\Microsoft VS Code\bin;."/>
    <property name="java.vm.info" value="mixed mode, sharing"/>
    <property name="java.vendor" value="Oracle Corporation"/>
    <property name="java.vm.version" value="16.0.1+9-24"/>
    <property name="sun.io.unicode.encoding" value="UnicodeLittle"/>
    <property name="java.class.version" value="60.0"/>
  </properties>
  <testcase name="runTest[0]" classname="flightapp.FlightServiceTest" time="3.277">
    <system-out><![CDATA[Running test setup...
... using dbconn.properties for test credentials
... resetting database (ie, dropping all tables with suffix: pricecs)
... running createTables.sql

Starting tests
Running test file: C:\Users\coolj\IdeaProjects\hw5\cases\no_transaction\book\book_basic.test.txt
]]></system-out>
  </testcase>
  <testcase name="runTest[1]" classname="flightapp.FlightServiceTest" time="2.906">
    <system-out><![CDATA[Running test file: C:\Users\coolj\IdeaProjects\hw5\cases\no_transaction\book\book_withoutLogIn.test.txt
]]></system-out>
  </testcase>
  <testcase name="runTest[2]" classname="flightapp.FlightServiceTest" time="2.052">
    <system-out><![CDATA[Running test file: C:\Users\coolj\IdeaProjects\hw5\cases\no_transaction\create\create_basic.test.txt
]]></system-out>
  </testcase>
  <testcase name="runTest[3]" classname="flightapp.FlightServiceTest" time="1.623">
    <system-out><![CDATA[Running test file: C:\Users\coolj\IdeaProjects\hw5\cases\no_transaction\create\create_negativeBalance.test.txt
]]></system-out>
  </testcase>
  <testcase name="runTest[4]" classname="flightapp.FlightServiceTest" time="2.849">
    <system-out><![CDATA[Running test file: C:\Users\coolj\IdeaProjects\hw5\cases\no_transaction\login\login_already.test.txt
]]></system-out>
  </testcase>
  <testcase name="runTest[5]" classname="flightapp.FlightServiceTest" time="2.862">
    <system-out><![CDATA[Running test file: C:\Users\coolj\IdeaProjects\hw5\cases\no_transaction\login\login_samePassword.test.txt
]]></system-out>
  </testcase>
  <testcase name="runTest[6]" classname="flightapp.FlightServiceTest" time="2.377">
    <system-out><![CDATA[Running test file: C:\Users\coolj\IdeaProjects\hw5\cases\no_transaction\login\login_single.test.txt
]]></system-out>
  </testcase>
  <testcase name="runTest[7]" classname="flightapp.FlightServiceTest" time="2.396">
    <system-out><![CDATA[Running test file: C:\Users\coolj\IdeaProjects\hw5\cases\no_transaction\login\login_success.test.txt
]]></system-out>
  </testcase>
  <testcase name="runTest[8]" classname="flightapp.FlightServiceTest" time="2.381">
    <system-out><![CDATA[Running test file: C:\Users\coolj\IdeaProjects\hw5\cases\no_transaction\login\login_wrongPassword.test.txt
]]></system-out>
  </testcase>
  <testcase name="runTest[9]" classname="flightapp.FlightServiceTest" time="4.322">
    <system-out><![CDATA[Running test file: C:\Users\coolj\IdeaProjects\hw5\cases\no_transaction\pay\pay_already.test.txt
]]></system-out>
  </testcase>
  <testcase name="runTest[10]" classname="flightapp.FlightServiceTest" time="4.064">
    <system-out><![CDATA[Running test file: C:\Users\coolj\IdeaProjects\hw5\cases\no_transaction\pay\pay_basic.test.txt
]]></system-out>
  </testcase>
  <testcase name="runTest[11]" classname="flightapp.FlightServiceTest" time="7.152">
    <system-out><![CDATA[Running test file: C:\Users\coolj\IdeaProjects\hw5\cases\no_transaction\pay\pay_indirectFlightsItinerary.test.txt
]]></system-out>
  </testcase>
  <testcase name="runTest[12]" classname="flightapp.FlightServiceTest" time="4.094">
    <system-out><![CDATA[Running test file: C:\Users\coolj\IdeaProjects\hw5\cases\no_transaction\pay\pay_insufficient.test.txt
]]></system-out>
  </testcase>
  <testcase name="runTest[13]" classname="flightapp.FlightServiceTest" time="4.073">
    <system-out><![CDATA[Running test file: C:\Users\coolj\IdeaProjects\hw5\cases\no_transaction\reservations\reservations_basic.test.txt
]]></system-out>
  </testcase>
  <testcase name="runTest[14]" classname="flightapp.FlightServiceTest" time="4.044">
    <system-out><![CDATA[Running test file: C:\Users\coolj\IdeaProjects\hw5\cases\no_transaction\reservations\reservations_same_day.test.txt
]]></system-out>
  </testcase>
  <testcase name="runTest[15]" classname="flightapp.FlightServiceTest" time="1.692">
    <system-out><![CDATA[Running test file: C:\Users\coolj\IdeaProjects\hw5\cases\no_transaction\reservations\reservations_userNotLoggedIn.test.txt
]]></system-out>
  </testcase>
  <testcase name="runTest[16]" classname="flightapp.FlightServiceTest" time="2.716">
    <system-out><![CDATA[Running test file: C:\Users\coolj\IdeaProjects\hw5\cases\no_transaction\search\search_basic.test.txt
]]></system-out>
  </testcase>
  <testcase name="runTest[17]" classname="flightapp.FlightServiceTest" time="9.582">
    <system-out><![CDATA[Running test file: C:\Users\coolj\IdeaProjects\hw5\cases\no_transaction\search\search_cityDoesNotExist.test.txt
]]></system-out>
  </testcase>
  <testcase name="runTest[18]" classname="flightapp.FlightServiceTest" time="3.294">
    <system-out><![CDATA[Running test file: C:\Users\coolj\IdeaProjects\hw5\cases\no_transaction\search\search_indirect.test.txt
]]></system-out>
  </testcase>
  <testcase name="runTest[19]" classname="flightapp.FlightServiceTest" time="2.67">
    <system-out><![CDATA[Running test file: C:\Users\coolj\IdeaProjects\hw5\cases\no_transaction\search\search_lessThanN.test.txt
]]></system-out>
  </testcase>
  <testcase name="runTest[20]" classname="flightapp.FlightServiceTest" time="5.484">
    <system-out><![CDATA[Running test file: C:\Users\coolj\IdeaProjects\hw5\cases\no_transaction\search\search_topk.test.txt
]]></system-out>
  </testcase>
  <testcase name="runTest[21]" classname="flightapp.FlightServiceTest" time="3.189">
    <system-out><![CDATA[Running test file: C:\Users\coolj\IdeaProjects\hw5\cases\no_transaction\search\search_topk_direct.test.txt
]]></system-out>
  </testcase>
</testsuite>